<html>
<body>
<pre>
<h1>Build Log</h1>
<h3>
--------------------Configuration: ClassTupian - Win32 Debug--------------------
</h3>
<h3>Command Lines</h3>
Creating temporary file "C:\DOCUME~1\ADMINI~1\LOCALS~1\Temp\RSPF1.tmp" with contents
[
/nologo /MDd /W3 /Gm /GX /ZI /Od /D "WIN32" /D "_DEBUG" /D "_WINDOWS" /D "_AFXDLL" /D "_MBCS" /FR"Debug/" /Fp"Debug/ClassTupian.pch" /Yu"stdafx.h" /Fo"Debug/" /Fd"Debug/" /FD /GZ /c 
"d:\我的文档\桌面\tlautologin\trunk\图片验证码\ClassTupian\DealPic.cpp"
]
Creating command line "cl.exe @C:\DOCUME~1\ADMINI~1\LOCALS~1\Temp\RSPF1.tmp" 
Creating temporary file "C:\DOCUME~1\ADMINI~1\LOCALS~1\Temp\RSPF2.tmp" with contents
[
/nologo /subsystem:windows /incremental:yes /pdb:"Debug/ClassTupian.pdb" /debug /machine:I386 /out:"Debug/ClassTupian.exe" /pdbtype:sept 
".\Debug\ClassTupian.obj"
".\Debug\ClassTupianDlg.obj"
".\Debug\DealPic.obj"
".\Debug\StdAfx.obj"
".\Debug\ClassTupian.res"
]
Creating command line "link.exe @C:\DOCUME~1\ADMINI~1\LOCALS~1\Temp\RSPF2.tmp"
<h3>Output Window</h3>
Compiling...
DealPic.cpp
d:\我的文档\桌面\tlautologin\trunk\图片验证码\ClassTupian\DealPic.cpp(83) : warning C4102: 'Default' : unreferenced label
d:\我的文档\桌面\tlautologin\trunk\图片验证码\ClassTupian\DealPic.cpp(349) : warning C4102: 'Default' : unreferenced label
d:\我的文档\桌面\tlautologin\trunk\图片验证码\ClassTupian\DealPic.cpp(454) : error C2059: syntax error : ')'
d:\我的文档\桌面\tlautologin\trunk\图片验证码\ClassTupian\DealPic.cpp(455) : error C2143: syntax error : missing ';' before '{'
执行 cl.exe 时出错.
Creating command line "bscmake.exe /nologo /o"Debug/ClassTupian.bsc"  ".\Debug\StdAfx.sbr" ".\Debug\ClassTupian.sbr" ".\Debug\ClassTupianDlg.sbr" ".\Debug\DealPic.sbr""
Creating browse info file...
<h3>Output Window</h3>



<h3>Results</h3>
ClassTupian.exe - 1 error(s), 0 warning(s)
</pre>
</body>
</html>
